<?xml version="1.0" encoding="UTF-8"?>
<!-- Generated by org.testng.reporters.JUnitReportReporter -->
<testsuite hostname="BAI-SHUBHAMMATHUR" failures="0" tests="1" name="GetExampleTest" time="2.252" errors="0" timestamp="2025-07-17T19:58:21 IST" skipped="0">
  <testcase classname="GetExampleTest" name="getUsers" time="2.252"/>
</testsuite> <!-- GetExampleTest -->
